<?xml version="1.0" encoding="UTF-8"?>
<testng-results skipped="0" failed="1" total="4" passed="3">
  <reporter-output>
  </reporter-output>
  <suite name="Suite" duration-ms="50130" started-at="2017-04-28T10:04:39Z" finished-at="2017-04-28T10:05:29Z">
    <groups>
    </groups>
    <test name="Test" duration-ms="50130" started-at="2017-04-28T10:04:39Z" finished-at="2017-04-28T10:05:29Z">
      <class name="com.infiniviewAutomation.tests.LoginpageTest">
        <test-method status="PASS" signature="startWebdriver(java.lang.String)[pri:0, instance:com.infiniviewAutomation.tests.LoginpageTest@490ab905]" name="startWebdriver" is-config="true" duration-ms="3174" started-at="2017-04-28T15:34:36Z" finished-at="2017-04-28T15:34:39Z">
          <params>
            <param index="0">
              <value>
                <![CDATA[ie]]>
              </value>
            </param>
          </params>
          <reporter-output>
          </reporter-output>
        </test-method> <!-- startWebdriver -->
        <test-method status="PASS" signature="ExtentReportStart()[pri:0, instance:com.infiniviewAutomation.tests.LoginpageTest@490ab905]" name="ExtentReportStart" is-config="true" duration-ms="134" started-at="2017-04-28T15:34:39Z" finished-at="2017-04-28T15:34:39Z">
          <reporter-output>
          </reporter-output>
        </test-method> <!-- ExtentReportStart -->
        <test-method status="PASS" signature="verifyLaunchedApplicationURL_TC_01()[pri:0, instance:com.infiniviewAutomation.tests.LoginpageTest@490ab905]" name="verifyLaunchedApplicationURL_TC_01" duration-ms="515" started-at="2017-04-28T15:34:39Z" finished-at="2017-04-28T15:34:40Z">
          <reporter-output>
          </reporter-output>
        </test-method> <!-- verifyLaunchedApplicationURL_TC_01 -->
        <test-method status="PASS" signature="TestResult(org.testng.ITestResult)[pri:0, instance:com.infiniviewAutomation.tests.LoginpageTest@490ab905]" name="TestResult" is-config="true" duration-ms="0" started-at="2017-04-28T15:34:40Z" finished-at="2017-04-28T15:34:40Z">
          <params>
            <param index="0">
              <value>
                <![CDATA[[TestResult name=verifyLaunchedApplicationURL_TC_01 status=SUCCESS method=LoginpageTest.verifyLaunchedApplicationURL_TC_01()[pri:0, instance:com.infiniviewAutomation.tests.LoginpageTest@490ab905] output={null}]]]>
              </value>
            </param>
          </params>
          <reporter-output>
          </reporter-output>
        </test-method> <!-- TestResult -->
        <test-method status="PASS" signature="testLoginPagewithValidcredentials_TC_02()[pri:1, instance:com.infiniviewAutomation.tests.LoginpageTest@490ab905]" name="testLoginPagewithValidcredentials_TC_02" duration-ms="17548" started-at="2017-04-28T15:34:40Z" finished-at="2017-04-28T15:34:57Z">
          <reporter-output>
          </reporter-output>
        </test-method> <!-- testLoginPagewithValidcredentials_TC_02 -->
        <test-method status="PASS" signature="TestResult(org.testng.ITestResult)[pri:0, instance:com.infiniviewAutomation.tests.LoginpageTest@490ab905]" name="TestResult" is-config="true" duration-ms="0" started-at="2017-04-28T15:34:57Z" finished-at="2017-04-28T15:34:57Z">
          <params>
            <param index="0">
              <value>
                <![CDATA[[TestResult name=testLoginPagewithValidcredentials_TC_02 status=SUCCESS method=LoginpageTest.testLoginPagewithValidcredentials_TC_02()[pri:1, instance:com.infiniviewAutomation.tests.LoginpageTest@490ab905] output={null}]]]>
              </value>
            </param>
          </params>
          <reporter-output>
          </reporter-output>
        </test-method> <!-- TestResult -->
        <test-method status="FAIL" signature="testloginButtonFunctionalty_TC_04()[pri:3, instance:com.infiniviewAutomation.tests.LoginpageTest@490ab905]" name="testloginButtonFunctionalty_TC_04" duration-ms="31366" started-at="2017-04-28T15:34:57Z" finished-at="2017-04-28T15:35:29Z">
          <exception class="org.openqa.selenium.NoSuchElementException">
            <message>
              <![CDATA[Unable to find element with id == username (WARNING: The server did not provide any stacktrace information)
Command duration or timeout: 30.08 seconds
For documentation on this error, please visit: http://seleniumhq.org/exceptions/no_such_element.html
Build info: version: '2.44.0', revision: '76d78cf323ce037c5f92db6c1bba601c2ac43ad8', time: '2014-10-23 13:11:40'
System info: host: 'Chinmaya-84-7B-EB-31-2E-9C', ip: '192.168.16.71', os.name: 'Windows 8.1', os.arch: 'amd64', os.version: '6.3', java.version: '1.8.0_111'
Driver info: org.openqa.selenium.ie.InternetExplorerDriver
Capabilities [{browserAttachTimeout=0, ie.enableFullPageScreenshot=true, enablePersistentHover=true, ie.forceCreateProcessApi=false, ie.forceShellWindowsApi=false, pageLoadStrategy=normal, ignoreZoomSetting=true, ie.fileUploadDialogTimeout=3000, version=11, platform=WINDOWS, nativeEvents=true, ie.ensureCleanSession=false, elementScrollBehavior=0, ie.browserCommandLineSwitches=, requireWindowFocus=false, browserName=internet explorer, initialBrowserUrl=http://localhost:19610/, javascriptEnabled=true, ignoreProtectedModeSettings=true, enableElementCacheCleanup=true, unexpectedAlertBehaviour=dismiss}]
Session ID: 034b1546-8748-4ed6-b4e1-0378c5e2b6fd]]>
            </message>
            <full-stacktrace>
              <![CDATA[org.openqa.selenium.NoSuchElementException: Unable to find element with id == username (WARNING: The server did not provide any stacktrace information)
Command duration or timeout: 30.08 seconds
For documentation on this error, please visit: http://seleniumhq.org/exceptions/no_such_element.html
Build info: version: '2.44.0', revision: '76d78cf323ce037c5f92db6c1bba601c2ac43ad8', time: '2014-10-23 13:11:40'
System info: host: 'Chinmaya-84-7B-EB-31-2E-9C', ip: '192.168.16.71', os.name: 'Windows 8.1', os.arch: 'amd64', os.version: '6.3', java.version: '1.8.0_111'
Driver info: org.openqa.selenium.ie.InternetExplorerDriver
Capabilities [{browserAttachTimeout=0, ie.enableFullPageScreenshot=true, enablePersistentHover=true, ie.forceCreateProcessApi=false, ie.forceShellWindowsApi=false, pageLoadStrategy=normal, ignoreZoomSetting=true, ie.fileUploadDialogTimeout=3000, version=11, platform=WINDOWS, nativeEvents=true, ie.ensureCleanSession=false, elementScrollBehavior=0, ie.browserCommandLineSwitches=, requireWindowFocus=false, browserName=internet explorer, initialBrowserUrl=http://localhost:19610/, javascriptEnabled=true, ignoreProtectedModeSettings=true, enableElementCacheCleanup=true, unexpectedAlertBehaviour=dismiss}]
Session ID: 034b1546-8748-4ed6-b4e1-0378c5e2b6fd
	at sun.reflect.NativeConstructorAccessorImpl.newInstance0(Native Method)
	at sun.reflect.NativeConstructorAccessorImpl.newInstance(NativeConstructorAccessorImpl.java:62)
	at sun.reflect.DelegatingConstructorAccessorImpl.newInstance(DelegatingConstructorAccessorImpl.java:45)
	at java.lang.reflect.Constructor.newInstance(Constructor.java:423)
	at org.openqa.selenium.remote.ErrorHandler.createThrowable(ErrorHandler.java:204)
	at org.openqa.selenium.remote.ErrorHandler.throwIfResponseFailed(ErrorHandler.java:156)
	at org.openqa.selenium.remote.RemoteWebDriver.execute(RemoteWebDriver.java:599)
	at org.openqa.selenium.remote.RemoteWebDriver.findElement(RemoteWebDriver.java:352)
	at org.openqa.selenium.remote.RemoteWebDriver.findElementById(RemoteWebDriver.java:393)
	at org.openqa.selenium.By$ById.findElement(By.java:214)
	at org.openqa.selenium.remote.RemoteWebDriver.findElement(RemoteWebDriver.java:344)
	at org.openqa.selenium.support.pagefactory.DefaultElementLocator.findElement(DefaultElementLocator.java:59)
	at org.openqa.selenium.support.pagefactory.internal.LocatingElementHandler.invoke(LocatingElementHandler.java:37)
	at com.sun.proxy.$Proxy11.click(Unknown Source)
	at utils.Page.type(Page.java:34)
	at com.infiniviewAutomation.tests.LoginpageTest.testloginButtonFunctionalty_TC_04(LoginpageTest.java:148)
	at sun.reflect.NativeMethodAccessorImpl.invoke0(Native Method)
	at sun.reflect.NativeMethodAccessorImpl.invoke(NativeMethodAccessorImpl.java:62)
	at sun.reflect.DelegatingMethodAccessorImpl.invoke(DelegatingMethodAccessorImpl.java:43)
	at java.lang.reflect.Method.invoke(Method.java:498)
	at org.testng.internal.MethodInvocationHelper.invokeMethod(MethodInvocationHelper.java:100)
	at org.testng.internal.Invoker.invokeMethod(Invoker.java:646)
	at org.testng.internal.Invoker.invokeTestMethod(Invoker.java:811)
	at org.testng.internal.Invoker.invokeTestMethods(Invoker.java:1137)
	at org.testng.internal.TestMethodWorker.invokeTestMethods(TestMethodWorker.java:129)
	at org.testng.internal.TestMethodWorker.run(TestMethodWorker.java:112)
	at org.testng.TestRunner.privateRun(TestRunner.java:753)
	at org.testng.TestRunner.run(TestRunner.java:607)
	at org.testng.SuiteRunner.runTest(SuiteRunner.java:368)
	at org.testng.SuiteRunner.runSequentially(SuiteRunner.java:363)
	at org.testng.SuiteRunner.privateRun(SuiteRunner.java:321)
	at org.testng.SuiteRunner.run(SuiteRunner.java:270)
	at org.testng.SuiteRunnerWorker.runSuite(SuiteRunnerWorker.java:52)
	at org.testng.SuiteRunnerWorker.run(SuiteRunnerWorker.java:86)
	at org.testng.TestNG.runSuitesSequentially(TestNG.java:1284)
	at org.testng.TestNG.runSuitesLocally(TestNG.java:1209)
	at org.testng.TestNG.runSuites(TestNG.java:1124)
	at org.testng.TestNG.run(TestNG.java:1096)
	at org.testng.remote.AbstractRemoteTestNG.run(AbstractRemoteTestNG.java:132)
	at org.testng.remote.RemoteTestNG.initAndRun(RemoteTestNG.java:236)
	at org.testng.remote.RemoteTestNG.main(RemoteTestNG.java:81)
]]>
            </full-stacktrace>
          </exception> <!-- org.openqa.selenium.NoSuchElementException -->
          <reporter-output>
          </reporter-output>
        </test-method> <!-- testloginButtonFunctionalty_TC_04 -->
        <test-method status="PASS" signature="TestResult(org.testng.ITestResult)[pri:0, instance:com.infiniviewAutomation.tests.LoginpageTest@490ab905]" name="TestResult" is-config="true" duration-ms="94" started-at="2017-04-28T15:35:29Z" finished-at="2017-04-28T15:35:29Z">
          <params>
            <param index="0">
              <value>
                <![CDATA[[TestResult name=testloginButtonFunctionalty_TC_04 status=FAILURE method=LoginpageTest.testloginButtonFunctionalty_TC_04()[pri:3, instance:com.infiniviewAutomation.tests.LoginpageTest@490ab905] output={null}]]]>
              </value>
            </param>
          </params>
          <reporter-output>
          </reporter-output>
        </test-method> <!-- TestResult -->
        <test-method status="PASS" signature="endReport()[pri:0, instance:com.infiniviewAutomation.tests.LoginpageTest@490ab905]" name="endReport" is-config="true" duration-ms="212" started-at="2017-04-28T15:35:29Z" finished-at="2017-04-28T15:35:29Z">
          <reporter-output>
          </reporter-output>
        </test-method> <!-- endReport -->
        <test-method status="PASS" signature="oneTimeTearDown()[pri:0, instance:com.infiniviewAutomation.tests.LoginpageTest@490ab905]" name="oneTimeTearDown" is-config="true" duration-ms="1064" started-at="2017-04-28T15:35:29Z" finished-at="2017-04-28T15:35:30Z">
          <reporter-output>
          </reporter-output>
        </test-method> <!-- oneTimeTearDown -->
      </class> <!-- com.infiniviewAutomation.tests.LoginpageTest -->
      <class name="com.infiniviewAutomation.database.tests.KpidbTest">
        <test-method status="PASS" signature="testVerifyKPIstatus()[pri:4, instance:com.infiniviewAutomation.database.tests.KpidbTest@56ac3a89]" name="testVerifyKPIstatus" duration-ms="233" started-at="2017-04-28T15:35:29Z" finished-at="2017-04-28T15:35:29Z">
          <reporter-output>
          </reporter-output>
        </test-method> <!-- testVerifyKPIstatus -->
        <test-method status="PASS" signature="TestResult(org.testng.ITestResult)[pri:0, instance:com.infiniviewAutomation.database.tests.KpidbTest@56ac3a89]" name="TestResult" is-config="true" duration-ms="2" started-at="2017-04-28T15:35:29Z" finished-at="2017-04-28T15:35:29Z">
          <params>
            <param index="0">
              <value>
                <![CDATA[[TestResult name=testVerifyKPIstatus status=SUCCESS method=KpidbTest.testVerifyKPIstatus()[pri:4, instance:com.infiniviewAutomation.database.tests.KpidbTest@56ac3a89] output={null}]]]>
              </value>
            </param>
          </params>
          <reporter-output>
          </reporter-output>
        </test-method> <!-- TestResult -->
      </class> <!-- com.infiniviewAutomation.database.tests.KpidbTest -->
    </test> <!-- Test -->
  </suite> <!-- Suite -->
</testng-results>
