<?xml version="1.0" encoding="UTF-8"?>
<!-- Generated by org.testng.reporters.JUnitXMLReporter -->
<testsuite hostname="Chinmaya-84-7B-EB-31-2E-9C" name="Default test" tests="2" failures="0" timestamp="28 Apr 2017 06:40:39 GMT" time="0.026" errors="0">
  <testcase name="@BeforeSuite startWebdriver" time="0.0" classname="com.infiniviewAutomation.tests.LoginpageTest">
    <failure type="org.testng.TestNGException" message="
Parameter &amp;apos;browser&amp;apos; is required by @Configuration on method startWebdriver but has not been marked @Optional or defined
in C:\Users\TEChinnmaya41\AppData\Local\Temp\testng-eclipse-1966731728\testng-customsuite.xml">
      <![CDATA[org.testng.TestNGException: 
Parameter 'browser' is required by @Configuration on method startWebdriver but has not been marked @Optional or defined
in C:\Users\TEChinnmaya41\AppData\Local\Temp\testng-eclipse-1966731728\testng-customsuite.xml
	at org.testng.internal.Parameters.createParameters(Parameters.java:156)
	at org.testng.internal.Parameters.createParameters(Parameters.java:370)
	at org.testng.internal.Parameters.createConfigurationParameters(Parameters.java:86)
	at org.testng.internal.Invoker.invokeConfigurations(Invoker.java:202)
	at org.testng.internal.Invoker.invokeConfigurations(Invoker.java:143)
	at org.testng.SuiteRunner.privateRun(SuiteRunner.java:307)
	at org.testng.SuiteRunner.run(SuiteRunner.java:270)
	at org.testng.SuiteRunnerWorker.runSuite(SuiteRunnerWorker.java:52)
	at org.testng.SuiteRunnerWorker.run(SuiteRunnerWorker.java:86)
	at org.testng.TestNG.runSuitesSequentially(TestNG.java:1284)
	at org.testng.TestNG.runSuitesLocally(TestNG.java:1209)
	at org.testng.TestNG.runSuites(TestNG.java:1124)
	at org.testng.TestNG.run(TestNG.java:1096)
	at org.testng.remote.AbstractRemoteTestNG.run(AbstractRemoteTestNG.java:132)
	at org.testng.remote.RemoteTestNG.initAndRun(RemoteTestNG.java:236)
	at org.testng.remote.RemoteTestNG.main(RemoteTestNG.java:81)
]]>
    </failure>
  </testcase> <!-- @BeforeSuite startWebdriver -->
  <testcase name="@BeforeTest ExtentReportStart" time="0.0" classname="com.infiniviewAutomation.tests.LoginpageTest">
    <skipped/>
  </testcase> <!-- @BeforeTest ExtentReportStart -->
  <testcase name="@BeforeMethod startExtentreport" time="0.0" classname="com.infiniviewAutomation.tests.LoginpageTest">
    <skipped/>
  </testcase> <!-- @BeforeMethod startExtentreport -->
  <testcase name="@AfterMethod getResult" time="0.0" classname="com.infiniviewAutomation.tests.LoginpageTest">
    <skipped/>
  </testcase> <!-- @AfterMethod getResult -->
  <testcase name="@BeforeMethod startExtentreport" time="0.0" classname="com.infiniviewAutomation.tests.LoginpageTest">
    <skipped/>
  </testcase> <!-- @BeforeMethod startExtentreport -->
  <testcase name="@AfterMethod getResult" time="0.0" classname="com.infiniviewAutomation.tests.LoginpageTest">
    <skipped/>
  </testcase> <!-- @AfterMethod getResult -->
  <testcase name="@AfterTest endReport" time="0.0" classname="com.infiniviewAutomation.tests.LoginpageTest">
    <skipped/>
  </testcase> <!-- @AfterTest endReport -->
  <testcase name="verifyLaunchedApplicationURL_TC_01" time="0.003" classname="com.infiniviewAutomation.tests.LoginpageTest">
    <skipped/>
  </testcase> <!-- verifyLaunchedApplicationURL_TC_01 -->
  <testcase name="testLoginPagewithValidcredentials_TC_02" time="0.0" classname="com.infiniviewAutomation.tests.LoginpageTest">
    <skipped/>
  </testcase> <!-- testLoginPagewithValidcredentials_TC_02 -->
</testsuite> <!-- Default test -->
