<?xml version="1.0" encoding="UTF-8"?>
<!-- Generated by org.testng.reporters.JUnitXMLReporter -->
<testsuite hostname="Chinmaya-84-7B-EB-31-2E-9C" name="TestWithIE" tests="3" failures="0" timestamp="25 Apr 2017 13:10:33 GMT" time="109.492" errors="0">
  <testcase name="@BeforeClass startWebdriver" time="0.0" classname="com.infiniviewAutomation.tests.LoginpageTest">
    <failure type="org.openqa.selenium.remote.SessionNotFoundException" message="Unexpected error launching Internet Explorer. IELaunchURL() returned HRESULT 80070012 (&amp;apos;There are no more files.&amp;apos;) for URL &amp;apos;http://localhost:47065/&amp;apos; (WARNING: The server did not provide any stacktrace information)
Command duration or timeout: 109.38 seconds
Build info: version: &amp;apos;2.44.0&amp;apos;, revision: &amp;apos;76d78cf323ce037c5f92db6c1bba601c2ac43ad8&amp;apos;, time: &amp;apos;2014-10-23 13:11:40&amp;apos;
System info: host: &amp;apos;Chinmaya-84-7B-EB-31-2E-9C&amp;apos;, ip: &amp;apos;192.168.16.71&amp;apos;, os.name: &amp;apos;Windows 8.1&amp;apos;, os.arch: &amp;apos;amd64&amp;apos;, os.version: &amp;apos;6.3&amp;apos;, java.version: &amp;apos;1.8.0_111&amp;apos;
Driver info: org.openqa.selenium.ie.InternetExplorerDriver">
      <![CDATA[org.openqa.selenium.remote.SessionNotFoundException: Unexpected error launching Internet Explorer. IELaunchURL() returned HRESULT 80070012 ('There are no more files.') for URL 'http://localhost:47065/' (WARNING: The server did not provide any stacktrace information)
Command duration or timeout: 109.38 seconds
Build info: version: '2.44.0', revision: '76d78cf323ce037c5f92db6c1bba601c2ac43ad8', time: '2014-10-23 13:11:40'
System info: host: 'Chinmaya-84-7B-EB-31-2E-9C', ip: '192.168.16.71', os.name: 'Windows 8.1', os.arch: 'amd64', os.version: '6.3', java.version: '1.8.0_111'
Driver info: org.openqa.selenium.ie.InternetExplorerDriver
	at org.openqa.selenium.remote.ErrorHandler.createThrowable(ErrorHandler.java:204)
	at org.openqa.selenium.remote.ErrorHandler.throwIfResponseFailed(ErrorHandler.java:162)
	at org.openqa.selenium.remote.RemoteWebDriver.execute(RemoteWebDriver.java:599)
	at org.openqa.selenium.remote.RemoteWebDriver.startSession(RemoteWebDriver.java:240)
	at org.openqa.selenium.remote.RemoteWebDriver.startSession(RemoteWebDriver.java:225)
	at org.openqa.selenium.ie.InternetExplorerDriver.run(InternetExplorerDriver.java:182)
	at org.openqa.selenium.ie.InternetExplorerDriver.<init>(InternetExplorerDriver.java:174)
	at org.openqa.selenium.ie.InternetExplorerDriver.<init>(InternetExplorerDriver.java:150)
	at utils.WebDriverUtils.startWebDriver(WebDriverUtils.java:84)
	at utils.TestBase.startWebdriver(TestBase.java:51)
	at java.util.concurrent.FutureTask.run(Unknown Source)
	at java.util.concurrent.ThreadPoolExecutor.runWorker(Unknown Source)
	at java.util.concurrent.ThreadPoolExecutor$Worker.run(Unknown Source)
	at java.lang.Thread.run(Unknown Source)
... Removed 20 stack frames]]>
    </failure>
  </testcase> <!-- @BeforeClass startWebdriver -->
  <testcase name="@AfterClass oneTimeTearDown" time="0.0" classname="com.infiniviewAutomation.tests.LoginpageTest">
    <skipped/>
  </testcase> <!-- @AfterClass oneTimeTearDown -->
  <testcase name="verifyLaunchedApplicationURL_TC_01" time="0.002" classname="com.infiniviewAutomation.tests.LoginpageTest">
    <skipped/>
  </testcase> <!-- verifyLaunchedApplicationURL_TC_01 -->
  <testcase name="testLoginPagewithValidcredentials_TC_02" time="0.001" classname="com.infiniviewAutomation.tests.LoginpageTest">
    <skipped/>
  </testcase> <!-- testLoginPagewithValidcredentials_TC_02 -->
  <testcase name="testLoginPagewithBlanckcredentials_TC_03" time="0.0" classname="com.infiniviewAutomation.tests.LoginpageTest">
    <skipped/>
  </testcase> <!-- testLoginPagewithBlanckcredentials_TC_03 -->
</testsuite> <!-- TestWithIE -->
